TN:
SF:src/App.tsx
FN:7,App
FN:11,(anonymous_1)
FN:13,(anonymous_2)
FNF:3
FNH:3
FNDA:5,App
FNDA:1,(anonymous_1)
FNDA:3,(anonymous_2)
DA:8,5
DA:9,5
DA:11,5
DA:13,5
DA:15,5
LF:5
LH:5
BRDA:13,0,0,1
BRDA:13,0,1,2
BRDA:13,1,0,3
BRDA:13,1,1,1
BRDA:17,2,0,1
BRDA:17,2,1,4
BRF:6
BRH:6
end_of_record
TN:
SF:src/main.tsx
FN:13,AdminRoute
FN:14,(anonymous_1)
FNF:2
FNH:0
FNDA:0,AdminRoute
FNDA:0,(anonymous_1)
DA:14,0
DA:15,0
DA:18,0
LF:3
LH:0
BRDA:15,0,0,0
BRDA:15,0,1,0
BRF:2
BRH:0
end_of_record
TN:
SF:src/api/client.ts
FN:47,(anonymous_0)
FN:52,(anonymous_1)
FN:61,(anonymous_2)
FN:70,(anonymous_3)
FNF:4
FNH:4
FNDA:30,(anonymous_0)
FNDA:8,(anonymous_1)
FNDA:9,(anonymous_2)
FNDA:10,(anonymous_3)
DA:42,30
DA:48,30
DA:49,30
DA:53,8
DA:54,8
DA:55,5
DA:57,3
DA:62,9
DA:67,4
DA:74,10
DA:75,10
DA:77,10
DA:80,10
DA:81,1
DA:84,10
DA:94,10
DA:95,1
DA:96,1
DA:99,9
DA:100,1
DA:103,8
DA:104,8
DA:105,8
DA:107,8
DA:108,8
DA:109,9
DA:110,9
DA:112,5
DA:114,5
DA:115,5
DA:117,9
DA:118,17
DA:119,17
DA:120,10
DA:122,10
DA:123,4
DA:126,6
DA:127,6
DA:128,6
DA:130,1
DA:136,4
DA:137,0
DA:138,0
DA:139,0
DA:140,0
DA:141,0
DA:142,0
DA:143,0
DA:145,0
DA:151,8
DA:156,1
LF:51
LH:43
BRDA:48,0,0,2
BRDA:48,0,1,28
BRDA:49,1,0,1
BRDA:49,1,1,29
BRDA:54,2,0,5
BRDA:54,2,1,3
BRDA:61,3,0,9
BRDA:72,4,0,10
BRDA:74,5,0,10
BRDA:74,5,1,0
BRDA:80,6,0,1
BRDA:80,6,1,9
BRDA:94,7,0,1
BRDA:94,7,1,9
BRDA:96,8,0,1
BRDA:96,8,1,0
BRDA:99,9,0,1
BRDA:99,9,1,8
BRDA:110,10,0,4
BRDA:110,10,1,5
BRDA:115,11,0,5
BRDA:115,11,1,4
BRDA:119,12,0,10
BRDA:119,12,1,7
BRDA:122,13,0,4
BRDA:122,13,1,6
BRDA:136,14,0,0
BRDA:136,14,1,4
BRDA:138,15,0,0
BRDA:138,15,1,0
BRDA:140,16,0,0
BRDA:140,16,1,0
BRF:32
BRH:25
end_of_record
TN:
SF:src/components/layout/AppShell.tsx
FN:8,AppShell
FN:11,(anonymous_1)
FN:13,(anonymous_2)
FN:16,(anonymous_3)
FN:19,(anonymous_4)
FN:36,(anonymous_5)
FN:44,(anonymous_6)
FNF:7
FNH:5
FNDA:6,AppShell
FNDA:17,(anonymous_1)
FNDA:1,(anonymous_2)
FNDA:1,(anonymous_3)
FNDA:1,(anonymous_4)
FNDA:0,(anonymous_5)
FNDA:0,(anonymous_6)
DA:9,6
DA:10,6
DA:11,17
DA:13,6
DA:15,1
DA:16,1
DA:17,1
DA:18,1
DA:19,1
DA:22,6
DA:36,0
DA:44,0
LF:12
LH:10
BRDA:24,0,0,6
BRDA:24,0,1,6
BRF:2
BRH:2
end_of_record
TN:
SF:src/components/ui/Badge.tsx
FN:3,Badge
FNF:1
FNH:1
FNDA:6,Badge
DA:4,6
LF:1
LH:1
BRDA:5,0,0,6
BRDA:5,0,1,6
BRF:2
BRH:2
end_of_record
TN:
SF:src/components/ui/Button.tsx
FN:6,Button
FNF:1
FNH:1
FNDA:1,Button
DA:12,1
DA:13,1
DA:19,1
LF:3
LH:3
BRDA:8,0,0,1
BRF:1
BRH:1
end_of_record
TN:
SF:src/components/ui/Input.tsx
FN:3,Input
FNF:1
FNH:0
FNDA:0,Input
DA:4,0
LF:1
LH:0
BRDA:7,0,0,0
BRDA:7,0,1,0
BRF:2
BRH:0
end_of_record
TN:
SF:src/components/ui/Modal.tsx
FN:3,Modal
FNF:1
FNH:1
FNDA:5,Modal
DA:4,5
DA:6,0
LF:2
LH:1
BRDA:4,0,0,5
BRDA:4,0,1,0
BRDA:10,1,0,0
BRDA:10,1,1,0
BRF:4
BRH:1
end_of_record
TN:
SF:src/db/db.ts
FN:24,(anonymous_0)
FNF:1
FNH:1
FNDA:2,(anonymous_0)
DA:25,2
DA:26,2
DA:33,2
LF:3
LH:3
BRF:0
BRH:0
end_of_record
TN:
SF:src/features/admin/AdminLogin.tsx
FN:6,AdminLogin
FN:11,(anonymous_1)
FN:13,(anonymous_2)
FN:63,(anonymous_3)
FN:69,(anonymous_4)
FNF:5
FNH:5
FNDA:12,AdminLogin
FNDA:12,(anonymous_1)
FNDA:3,(anonymous_2)
FNDA:2,(anonymous_3)
FNDA:1,(anonymous_4)
DA:7,12
DA:8,12
DA:9,12
DA:10,12
DA:11,12
DA:13,12
DA:14,3
DA:15,3
DA:17,3
DA:18,1
DA:19,1
DA:22,2
DA:23,2
DA:24,2
DA:25,1
DA:26,1
DA:29,1
DA:30,1
DA:31,0
DA:32,0
DA:35,1
DA:36,1
DA:38,0
DA:42,12
DA:63,2
DA:69,1
LF:26
LH:23
BRDA:17,0,0,1
BRDA:17,0,1,2
BRDA:24,1,0,1
BRDA:24,1,1,1
BRDA:30,2,0,0
BRDA:30,2,1,1
BRDA:30,3,0,1
BRDA:30,3,1,0
BRDA:61,4,0,1
BRDA:61,4,1,11
BRDA:71,5,0,1
BRDA:71,5,1,11
BRDA:73,6,0,1
BRDA:73,6,1,11
BRDA:76,7,0,12
BRDA:76,7,1,2
BRF:16
BRH:14
end_of_record
TN:
SF:src/features/admin/AdminSettings.tsx
FN:1,AdminSettings
FNF:1
FNH:0
FNDA:0,AdminSettings
DA:2,0
LF:1
LH:0
BRF:0
BRH:0
end_of_record
TN:
SF:src/features/admin/AdminShell.tsx
FN:6,AdminNavLink
FN:10,(anonymous_1)
FN:24,AdminShell
FN:27,(anonymous_3)
FN:29,(anonymous_4)
FNF:5
FNH:5
FNDA:12,AdminNavLink
FNDA:12,(anonymous_1)
FNDA:4,AdminShell
FNDA:4,(anonymous_3)
FNDA:1,(anonymous_4)
DA:7,12
DA:11,12
DA:25,4
DA:26,4
DA:27,4
DA:29,4
DA:30,1
DA:31,1
DA:34,4
LF:9
LH:9
BRDA:12,0,0,1
BRDA:12,0,1,11
BRF:2
BRH:2
end_of_record
TN:
SF:src/features/admin/HealthDashboard.tsx
FN:43,HealthDashboard
FN:49,(anonymous_1)
FN:51,(anonymous_2)
FN:118,(anonymous_3)
FN:122,(anonymous_4)
FN:126,(anonymous_5)
FN:129,(anonymous_6)
FN:144,(anonymous_7)
FN:159,(anonymous_8)
FN:172,(anonymous_9)
FN:180,(anonymous_10)
FN:219,(anonymous_11)
FN:272,(anonymous_12)
FN:312,(anonymous_13)
FNF:14
FNH:14
FNDA:32,HealthDashboard
FNDA:32,(anonymous_1)
FNDA:16,(anonymous_2)
FNDA:15,(anonymous_3)
FNDA:16,(anonymous_4)
FNDA:15,(anonymous_5)
FNDA:71,(anonymous_6)
FNDA:17,(anonymous_7)
FNDA:17,(anonymous_8)
FNDA:17,(anonymous_9)
FNDA:17,(anonymous_10)
FNDA:1,(anonymous_11)
FNDA:35,(anonymous_12)
FNDA:36,(anonymous_13)
DA:41,1
DA:44,32
DA:45,32
DA:46,32
DA:47,32
DA:48,32
DA:49,32
DA:51,32
DA:52,16
DA:53,16
DA:55,16
DA:61,14
DA:62,0
DA:65,14
DA:66,14
DA:67,14
DA:68,14
DA:70,1
DA:71,1
DA:112,1
DA:114,15
DA:118,32
DA:119,15
DA:122,32
DA:123,16
DA:125,15
DA:126,15
DA:129,32
DA:130,71
DA:133,52
DA:136,17
DA:138,1
DA:140,1
DA:144,32
DA:145,17
DA:148,0
DA:151,0
DA:153,17
DA:155,0
DA:159,32
DA:160,17
DA:162,0
DA:164,17
DA:166,0
DA:168,0
DA:172,32
DA:173,17
DA:180,32
DA:181,17
DA:182,17
DA:183,0
DA:184,0
DA:187,32
DA:188,15
DA:195,17
DA:196,0
DA:203,17
DA:219,1
DA:273,35
DA:313,36
LF:60
LH:50
BRDA:61,0,0,0
BRDA:61,0,1,14
BRDA:123,1,0,1
BRDA:123,1,1,15
BRDA:130,2,0,35
BRDA:130,2,1,52
BRDA:130,2,2,0
BRDA:130,2,3,17
BRDA:130,2,4,1
BRDA:130,2,5,1
BRDA:145,3,0,0
BRDA:145,3,1,0
BRDA:145,3,2,0
BRDA:145,3,3,0
BRDA:145,3,4,17
BRDA:145,3,5,0
BRDA:160,4,0,0
BRDA:160,4,1,17
BRDA:160,4,2,0
BRDA:160,4,3,0
BRDA:182,5,0,17
BRDA:182,5,1,0
BRDA:187,6,0,15
BRDA:187,6,1,17
BRDA:187,7,0,32
BRDA:187,7,1,16
BRDA:195,8,0,0
BRDA:195,8,1,17
BRDA:213,9,0,17
BRDA:213,9,1,17
BRDA:221,10,0,16
BRDA:221,10,1,1
BRDA:225,11,0,16
BRDA:225,11,1,1
BRDA:227,12,0,16
BRDA:227,12,1,1
BRDA:228,13,0,16
BRDA:228,13,1,1
BRDA:235,14,0,1
BRDA:235,14,1,16
BRDA:241,15,0,32
BRDA:241,15,1,1
BRDA:256,16,0,32
BRDA:256,16,1,0
BRDA:257,17,0,32
BRDA:257,17,1,17
BRDA:258,18,0,32
BRDA:258,18,1,0
BRDA:287,19,0,35
BRDA:287,19,1,35
BRDA:293,20,0,35
BRDA:293,20,1,0
BRDA:294,21,0,0
BRDA:294,21,1,0
BRDA:328,22,0,36
BRDA:328,22,1,18
BRDA:334,23,0,17
BRDA:334,23,1,19
BRDA:335,24,0,17
BRDA:335,24,1,2
BRDA:336,25,0,1
BRDA:336,25,1,1
BRDA:344,26,0,36
BRDA:344,26,1,18
BRDA:349,27,0,17
BRDA:349,27,1,1
BRDA:350,28,0,1
BRDA:350,28,1,0
BRDA:359,29,0,17
BRDA:359,29,1,1
BRDA:360,30,0,1
BRDA:360,30,1,0
BRDA:369,31,0,36
BRDA:369,31,1,18
BRF:74
BRH:55
end_of_record
TN:
SF:src/features/admin/ProviderConfig.tsx
FN:42,ProviderConfig
FN:50,(anonymous_1)
FN:52,(anonymous_2)
FN:56,(anonymous_3)
FN:124,(anonymous_4)
FN:141,(anonymous_5)
FN:141,(anonymous_6)
FN:152,(anonymous_7)
FN:152,(anonymous_8)
FN:164,(anonymous_9)
FN:168,(anonymous_10)
FN:174,(anonymous_11)
FN:185,(anonymous_12)
FN:229,(anonymous_13)
FN:236,(anonymous_14)
FN:282,(anonymous_15)
FN:361,(anonymous_16)
FN:366,(anonymous_17)
FN:378,(anonymous_18)
FN:397,(anonymous_19)
FN:416,(anonymous_20)
FNF:21
FNH:18
FNDA:44,ProviderConfig
FNDA:44,(anonymous_1)
FNDA:16,(anonymous_2)
FNDA:17,(anonymous_3)
FNDA:2,(anonymous_4)
FNDA:2,(anonymous_5)
FNDA:4,(anonymous_6)
FNDA:0,(anonymous_7)
FNDA:0,(anonymous_8)
FNDA:1,(anonymous_9)
FNDA:1,(anonymous_10)
FNDA:55,(anonymous_11)
FNDA:55,(anonymous_12)
FNDA:55,(anonymous_13)
FNDA:4,(anonymous_14)
FNDA:1,(anonymous_15)
FNDA:1,(anonymous_16)
FNDA:1,(anonymous_17)
FNDA:0,(anonymous_18)
FNDA:2,(anonymous_19)
FNDA:9,(anonymous_20)
DA:43,44
DA:44,44
DA:45,44
DA:46,44
DA:47,44
DA:48,44
DA:49,44
DA:50,44
DA:52,44
DA:53,16
DA:56,44
DA:57,17
DA:58,17
DA:59,17
DA:61,17
DA:67,15
DA:68,0
DA:71,15
DA:72,15
DA:74,1
DA:76,1
DA:120,16
DA:124,44
DA:125,2
DA:126,2
DA:128,2
DA:137,2
DA:138,0
DA:141,2
DA:142,4
DA:147,2
DA:148,2
DA:150,0
DA:152,0
DA:153,0
DA:157,0
DA:158,0
DA:160,2
DA:164,44
DA:165,1
DA:168,44
DA:169,1
DA:170,1
DA:174,44
DA:175,55
DA:177,27
DA:179,1
DA:181,27
DA:185,44
DA:186,55
DA:188,27
DA:190,1
DA:192,27
DA:196,44
DA:197,17
DA:204,27
DA:230,55
DA:236,4
DA:283,1
DA:284,1
DA:361,1
DA:366,1
DA:379,0
DA:380,0
DA:398,2
DA:399,2
DA:417,9
LF:67
LH:58
BRDA:67,0,0,0
BRDA:67,0,1,15
BRDA:137,1,0,0
BRDA:137,1,1,2
BRDA:142,2,0,2
BRDA:142,2,1,2
BRDA:143,3,0,1
BRDA:143,3,1,1
BRDA:153,4,0,0
BRDA:153,4,1,0
BRDA:154,5,0,0
BRDA:154,5,1,0
BRDA:169,6,0,1
BRDA:169,6,1,0
BRDA:175,7,0,27
BRDA:175,7,1,1
BRDA:175,7,2,27
BRDA:186,8,0,27
BRDA:186,8,1,1
BRDA:186,8,2,27
BRDA:196,9,0,17
BRDA:196,9,1,27
BRDA:216,10,0,0
BRDA:216,10,1,27
BRDA:221,11,0,44
BRDA:221,11,1,1
BRDA:236,12,0,0
BRDA:236,12,1,4
BRDA:246,13,0,55
BRDA:246,13,1,27
BRDA:260,14,0,27
BRDA:260,14,1,28
BRDA:261,15,0,1
BRDA:261,15,1,27
BRDA:268,16,0,28
BRDA:268,16,1,27
BRDA:288,17,0,27
BRDA:288,17,1,28
BRDA:293,18,0,2
BRDA:293,18,1,53
BRDA:296,19,0,25
BRDA:296,19,1,28
BRDA:300,20,0,9
BRDA:300,20,1,46
BRDA:308,21,0,55
BRDA:308,21,1,9
BRDA:336,22,0,9
BRDA:336,22,1,0
BRDA:356,23,0,4
BRDA:356,23,1,5
BRDA:367,24,0,4
BRDA:367,24,1,3
BRDA:370,25,0,1
BRDA:370,25,1,3
BRDA:391,26,0,5
BRDA:391,26,1,0
BRDA:404,27,0,5
BRDA:404,27,1,0
BRDA:429,28,0,9
BRDA:429,28,1,0
BRDA:431,29,0,9
BRDA:431,29,1,0
BRF:62
BRH:48
end_of_record
TN:
SF:src/features/admin/useAuth.ts
FN:5,useAuth
FN:7,(anonymous_1)
FN:9,(anonymous_2)
FN:18,useIsAuthenticated
FN:19,(anonymous_4)
FN:23,useLogout
FN:24,(anonymous_6)
FNF:7
FNH:3
FNDA:4,useAuth
FNDA:4,(anonymous_1)
FNDA:4,(anonymous_2)
FNDA:0,useIsAuthenticated
FNDA:0,(anonymous_4)
FNDA:0,useLogout
FNDA:0,(anonymous_6)
DA:6,4
DA:7,4
DA:9,4
DA:10,4
DA:11,0
DA:15,4
DA:19,0
DA:20,0
DA:24,0
DA:25,0
LF:10
LH:5
BRDA:5,0,0,4
BRDA:10,1,0,0
BRDA:10,1,1,4
BRDA:10,2,0,4
BRDA:10,2,1,4
BRF:5
BRH:4
end_of_record
TN:
SF:src/features/chat/ChatInput.tsx
FN:10,ChatInput
FN:13,(anonymous_1)
FN:14,(anonymous_2)
FN:16,(anonymous_3)
FN:23,(anonymous_4)
FN:29,(anonymous_5)
FN:39,(anonymous_6)
FN:40,(anonymous_7)
FNF:8
FNH:8
FNDA:99,ChatInput
FNDA:107,(anonymous_1)
FNDA:107,(anonymous_2)
FNDA:83,(anonymous_3)
FNDA:24,(anonymous_4)
FNDA:2,(anonymous_5)
FNDA:25,(anonymous_6)
FNDA:3,(anonymous_7)
DA:11,99
DA:12,99
DA:13,107
DA:14,107
DA:16,99
DA:17,83
DA:18,83
DA:19,83
DA:20,83
DA:23,99
DA:24,24
DA:25,20
DA:26,20
DA:29,99
DA:30,2
DA:33,99
DA:39,25
DA:41,3
LF:18
LH:18
BRDA:18,0,0,0
BRDA:18,0,1,83
BRDA:24,1,0,4
BRDA:24,1,1,20
BRDA:24,2,0,24
BRDA:24,2,1,20
BRDA:41,3,0,1
BRDA:41,3,1,2
BRDA:41,4,0,3
BRDA:41,4,1,3
BRDA:43,5,0,3
BRDA:43,5,1,96
BRDA:62,6,0,24
BRDA:62,6,1,75
BRDA:66,7,0,24
BRDA:66,7,1,75
BRDA:67,8,0,24
BRDA:67,8,1,75
BRDA:69,9,0,24
BRDA:69,9,1,75
BRDA:70,10,0,24
BRDA:70,10,1,75
BRF:22
BRH:21
end_of_record
TN:
SF:src/features/chat/ChatWindow.tsx
FN:16,useChat
FN:22,(anonymous_1)
FN:23,(anonymous_2)
FN:24,(anonymous_3)
FN:27,(anonymous_4)
FN:30,(anonymous_5)
FN:31,(anonymous_6)
FN:34,(anonymous_7)
FN:38,(anonymous_8)
FN:39,(anonymous_9)
FN:46,(anonymous_10)
FN:52,(anonymous_11)
FN:56,(anonymous_12)
FN:82,(anonymous_13)
FN:91,(anonymous_14)
FN:96,(anonymous_15)
FN:113,ChatWindow
FN:117,(anonymous_17)
FN:124,(anonymous_18)
FNF:19
FNH:19
FNDA:35,useChat
FNDA:41,(anonymous_1)
FNDA:41,(anonymous_2)
FNDA:42,(anonymous_3)
FNDA:18,(anonymous_4)
FNDA:17,(anonymous_5)
FNDA:17,(anonymous_6)
FNDA:18,(anonymous_7)
FNDA:18,(anonymous_8)
FNDA:18,(anonymous_9)
FNDA:10,(anonymous_10)
FNDA:9,(anonymous_11)
FNDA:5,(anonymous_12)
FNDA:2,(anonymous_13)
FNDA:15,(anonymous_14)
FNDA:15,(anonymous_15)
FNDA:35,ChatWindow
FNDA:35,(anonymous_17)
FNDA:28,(anonymous_18)
DA:17,35
DA:18,35
DA:22,41
DA:23,41
DA:24,42
DA:25,35
DA:27,35
DA:28,18
DA:29,17
DA:30,17
DA:31,17
DA:34,35
DA:35,18
DA:38,35
DA:39,18
DA:40,18
DA:41,0
DA:46,35
DA:47,10
DA:48,9
DA:49,10
DA:50,10
DA:51,10
DA:52,9
DA:53,9
DA:56,35
DA:57,5
DA:59,5
DA:60,5
DA:61,5
DA:63,5
DA:64,8
DA:65,8
DA:66,6
DA:67,6
DA:70,8
DA:71,2
DA:75,2
DA:81,2
DA:82,2
DA:83,2
DA:85,1
DA:86,1
DA:87,1
DA:91,35
DA:92,15
DA:93,15
DA:94,15
DA:95,15
DA:96,15
DA:98,15
DA:99,15
DA:100,5
DA:102,10
DA:105,2
DA:106,2
DA:110,35
DA:114,35
DA:115,35
DA:117,35
DA:119,35
DA:121,34
DA:125,28
LF:63
LH:62
BRDA:28,0,0,1
BRDA:28,0,1,17
BRDA:30,1,0,17
BRDA:30,1,1,0
BRDA:40,2,0,0
BRDA:40,2,1,18
BRDA:48,3,0,9
BRDA:48,3,1,1
BRDA:49,4,0,4
BRDA:49,4,1,5
BRDA:49,5,0,4
BRDA:49,5,1,0
BRDA:49,6,0,4
BRDA:49,6,1,0
BRDA:49,7,0,4
BRDA:49,7,1,0
BRDA:53,8,0,4
BRDA:53,8,1,5
BRDA:65,9,0,6
BRDA:65,9,1,2
BRDA:70,10,0,2
BRDA:70,10,1,6
BRDA:92,11,0,0
BRDA:92,11,1,15
BRDA:99,12,0,5
BRDA:99,12,1,10
BRDA:106,13,0,2
BRDA:106,13,1,0
BRDA:117,14,0,34
BRDA:117,14,1,1
BRDA:119,15,0,1
BRDA:119,15,1,34
BRDA:127,16,0,34
BRDA:127,16,1,2
BRF:34
BRH:27
end_of_record
TN:
SF:src/features/chat/MessageBubble.tsx
FN:8,MessageBubble
FNF:1
FNH:1
FNDA:41,MessageBubble
DA:9,41
DA:10,41
DA:11,41
DA:12,41
DA:14,41
LF:5
LH:5
BRDA:15,0,0,20
BRDA:15,0,1,21
BRDA:16,1,0,20
BRDA:16,1,1,21
BRDA:18,2,0,41
BRDA:18,2,1,2
BRDA:21,3,0,41
BRDA:21,3,1,6
BRF:8
BRH:8
end_of_record
TN:
SF:src/features/sessions/SessionList.tsx
FN:5,SessionList
FN:8,(anonymous_1)
FN:14,(anonymous_2)
FN:20,(anonymous_3)
FN:24,(anonymous_4)
FNF:5
FNH:4
FNDA:5,SessionList
FNDA:1,(anonymous_1)
FNDA:1,(anonymous_2)
FNDA:2,(anonymous_3)
FNDA:0,(anonymous_4)
DA:6,5
DA:8,5
DA:10,5
DA:14,1
DA:21,2
DA:24,0
LF:6
LH:5
BRF:0
BRH:0
end_of_record
TN:
SF:src/features/settings/SettingsDialog.tsx
FN:5,SettingsDialog
FN:6,(anonymous_1)
FN:7,(anonymous_2)
FN:8,(anonymous_3)
FN:9,(anonymous_4)
FN:14,(anonymous_5)
FN:19,(anonymous_6)
FN:29,(anonymous_7)
FN:32,(anonymous_8)
FNF:9
FNH:6
FNDA:6,SettingsDialog
FNDA:17,(anonymous_1)
FNDA:17,(anonymous_2)
FNDA:17,(anonymous_3)
FNDA:17,(anonymous_4)
FNDA:1,(anonymous_5)
FNDA:0,(anonymous_6)
FNDA:0,(anonymous_7)
FNDA:0,(anonymous_8)
DA:6,17
DA:7,17
DA:8,17
DA:9,17
DA:11,6
DA:12,6
DA:14,6
DA:15,1
DA:16,1
DA:19,6
DA:20,0
DA:21,0
DA:22,0
DA:25,6
DA:29,0
DA:32,0
LF:16
LH:11
BRF:0
BRH:0
end_of_record
TN:
SF:src/lib/utils.ts
FN:4,cn
FNF:1
FNH:1
FNDA:1,cn
DA:5,1
LF:1
LH:1
BRF:0
BRH:0
end_of_record
TN:
SF:src/stores/sessions.ts
FN:14,(anonymous_0)
FN:17,(anonymous_1)
FN:22,(anonymous_2)
FN:29,(anonymous_3)
FN:31,(anonymous_4)
FNF:5
FNH:3
FNDA:2,(anonymous_0)
FNDA:2,(anonymous_1)
FNDA:1,(anonymous_2)
FNDA:0,(anonymous_3)
FNDA:0,(anonymous_4)
DA:13,2
DA:14,2
DA:18,2
DA:19,2
DA:20,2
DA:23,1
DA:24,1
DA:25,1
DA:26,1
DA:27,1
DA:30,0
DA:31,0
LF:12
LH:10
BRF:0
BRH:0
end_of_record
TN:
SF:src/stores/settings.ts
FN:18,(anonymous_0)
FN:23,(anonymous_1)
FN:24,(anonymous_2)
FN:25,(anonymous_3)
FN:26,(anonymous_4)
FN:27,(anonymous_5)
FNF:6
FNH:3
FNDA:2,(anonymous_0)
FNDA:1,(anonymous_1)
FNDA:1,(anonymous_2)
FNDA:0,(anonymous_3)
FNDA:0,(anonymous_4)
FNDA:0,(anonymous_5)
DA:16,2
DA:18,2
DA:23,1
DA:24,1
DA:25,0
DA:26,0
DA:27,0
LF:7
LH:4
BRF:0
BRH:0
end_of_record
TN:
SF:src/stores/usage.ts
FN:9,(anonymous_0)
FN:11,(anonymous_1)
FN:11,(anonymous_2)
FN:14,init
FN:17,(anonymous_4)
FNF:5
FNH:4
FNDA:2,(anonymous_0)
FNDA:4,(anonymous_1)
FNDA:4,(anonymous_2)
FNDA:2,init
FNDA:0,(anonymous_4)
DA:9,2
DA:11,4
DA:12,2
DA:15,2
DA:16,2
DA:17,1
DA:18,1
DA:20,1
LF:8
LH:8
BRDA:17,0,0,0
BRDA:17,0,1,0
BRF:2
BRH:0
end_of_record
