  Determining projects to restore...
  All projects are up-to-date for restore.
/home/rrj/src/github/rudironsoni/Synaxis/src/Synaxis.Core/Contracts/OrganizationLimitsResponse.cs(135,70): error CS7003: Unexpected use of an unbound generic name [/home/rrj/src/github/rudironsoni/Synaxis/src/Synaxis.Core/Synaxis.Core.csproj]
/home/rrj/src/github/rudironsoni/Synaxis/src/Synaxis.Core/Contracts/OrganizationLimitsResponse.cs(104,70): error CS7003: Unexpected use of an unbound generic name [/home/rrj/src/github/rudironsoni/Synaxis/src/Synaxis.Core/Synaxis.Core.csproj]
/home/rrj/src/github/rudironsoni/Synaxis/src/Synaxis.Core/Contracts/OrganizationLimitsResponse.cs(109,67): error CS7003: Unexpected use of an unbound generic name [/home/rrj/src/github/rudironsoni/Synaxis/src/Synaxis.Core/Synaxis.Core.csproj]
/home/rrj/src/github/rudironsoni/Synaxis/src/Synaxis.Core/Contracts/OrganizationLimitsResponse.cs(114,79): error CS0305: Using the generic type 'Dictionary<TKey, TValue>' requires 2 type arguments [/home/rrj/src/github/rudironsoni/Synaxis/src/Synaxis.Core/Synaxis.Core.csproj]
/home/rrj/src/github/rudironsoni/Synaxis/src/Synaxis.Core/Models/User.cs(159,88): error CS7003: Unexpected use of an unbound generic name [/home/rrj/src/github/rudironsoni/Synaxis/src/Synaxis.Core/Synaxis.Core.csproj]
/home/rrj/src/github/rudironsoni/Synaxis/src/Synaxis.Core/Models/User.cs(164,80): error CS7003: Unexpected use of an unbound generic name [/home/rrj/src/github/rudironsoni/Synaxis/src/Synaxis.Core/Synaxis.Core.csproj]
/home/rrj/src/github/rudironsoni/Synaxis/src/Synaxis.Core/Contracts/CreateTeamRequest.cs(38,64): error CS7003: Unexpected use of an unbound generic name [/home/rrj/src/github/rudironsoni/Synaxis/src/Synaxis.Core/Synaxis.Core.csproj]
/home/rrj/src/github/rudironsoni/Synaxis/src/Synaxis.Core/Contracts/CreateTeamRequest.cs(64,64): error CS7003: Unexpected use of an unbound generic name [/home/rrj/src/github/rudironsoni/Synaxis/src/Synaxis.Core/Synaxis.Core.csproj]
/home/rrj/src/github/rudironsoni/Synaxis/src/Synaxis.Core/Contracts/CreateTeamRequest.cs(69,64): error CS7003: Unexpected use of an unbound generic name [/home/rrj/src/github/rudironsoni/Synaxis/src/Synaxis.Core/Synaxis.Core.csproj]
/home/rrj/src/github/rudironsoni/Synaxis/src/Synaxis.Core/Models/Team.cs(68,64): error CS7003: Unexpected use of an unbound generic name [/home/rrj/src/github/rudironsoni/Synaxis/src/Synaxis.Core/Synaxis.Core.csproj]
/home/rrj/src/github/rudironsoni/Synaxis/src/Synaxis.Core/Models/Team.cs(73,64): error CS7003: Unexpected use of an unbound generic name [/home/rrj/src/github/rudironsoni/Synaxis/src/Synaxis.Core/Synaxis.Core.csproj]
/home/rrj/src/github/rudironsoni/Synaxis/src/Synaxis.Core/Models/Team.cs(88,88): error CS7003: Unexpected use of an unbound generic name [/home/rrj/src/github/rudironsoni/Synaxis/src/Synaxis.Core/Synaxis.Core.csproj]
/home/rrj/src/github/rudironsoni/Synaxis/src/Synaxis.Core/Models/Team.cs(93,80): error CS7003: Unexpected use of an unbound generic name [/home/rrj/src/github/rudironsoni/Synaxis/src/Synaxis.Core/Synaxis.Core.csproj]
/home/rrj/src/github/rudironsoni/Synaxis/src/Synaxis.Core/Contracts/IAuditService.cs(106,73): error CS0305: Using the generic type 'Dictionary<TKey, TValue>' requires 2 type arguments [/home/rrj/src/github/rudironsoni/Synaxis/src/Synaxis.Core/Synaxis.Core.csproj]
/home/rrj/src/github/rudironsoni/Synaxis/src/Synaxis.Core/Contracts/IAuditService.cs(183,74): error CS0305: Using the generic type 'Dictionary<TKey, TValue>' requires 2 type arguments [/home/rrj/src/github/rudironsoni/Synaxis/src/Synaxis.Core/Synaxis.Core.csproj]
/home/rrj/src/github/rudironsoni/Synaxis/src/Synaxis.Core/Contracts/IAuditService.cs(188,78): error CS0305: Using the generic type 'Dictionary<TKey, TValue>' requires 2 type arguments [/home/rrj/src/github/rudironsoni/Synaxis/src/Synaxis.Core/Synaxis.Core.csproj]
/home/rrj/src/github/rudironsoni/Synaxis/src/Synaxis.Core/Contracts/IAuditService.cs(193,76): error CS0305: Using the generic type 'Dictionary<TKey, TValue>' requires 2 type arguments [/home/rrj/src/github/rudironsoni/Synaxis/src/Synaxis.Core/Synaxis.Core.csproj]
/home/rrj/src/github/rudironsoni/Synaxis/src/Synaxis.Core/Contracts/IBackupService.cs(172,68): error CS7003: Unexpected use of an unbound generic name [/home/rrj/src/github/rudironsoni/Synaxis/src/Synaxis.Core/Synaxis.Core.csproj]
/home/rrj/src/github/rudironsoni/Synaxis/src/Synaxis.Core/Models/Request.cs(172,79): error CS0305: Using the generic type 'Dictionary<TKey, TValue>' requires 2 type arguments [/home/rrj/src/github/rudironsoni/Synaxis/src/Synaxis.Core/Synaxis.Core.csproj]
/home/rrj/src/github/rudironsoni/Synaxis/src/Synaxis.Core/Contracts/IQuotaService.cs(276,76): error CS0305: Using the generic type 'Dictionary<TKey, TValue>' requires 2 type arguments [/home/rrj/src/github/rudironsoni/Synaxis/src/Synaxis.Core/Synaxis.Core.csproj]
/home/rrj/src/github/rudironsoni/Synaxis/src/Synaxis.Core/Contracts/IQuotaService.cs(281,75): error CS0305: Using the generic type 'Dictionary<TKey, TValue>' requires 2 type arguments [/home/rrj/src/github/rudironsoni/Synaxis/src/Synaxis.Core/Synaxis.Core.csproj]
/home/rrj/src/github/rudironsoni/Synaxis/src/Synaxis.Core/Contracts/ISuperAdminService.cs(234,83): error CS0305: Using the generic type 'Dictionary<TKey, TValue>' requires 2 type arguments [/home/rrj/src/github/rudironsoni/Synaxis/src/Synaxis.Core/Synaxis.Core.csproj]
/home/rrj/src/github/rudironsoni/Synaxis/src/Synaxis.Core/Contracts/ISuperAdminService.cs(239,78): error CS0305: Using the generic type 'Dictionary<TKey, TValue>' requires 2 type arguments [/home/rrj/src/github/rudironsoni/Synaxis/src/Synaxis.Core/Synaxis.Core.csproj]
/home/rrj/src/github/rudironsoni/Synaxis/src/Synaxis.Core/Contracts/ISuperAdminService.cs(244,81): error CS0305: Using the generic type 'Dictionary<TKey, TValue>' requires 2 type arguments [/home/rrj/src/github/rudironsoni/Synaxis/src/Synaxis.Core/Synaxis.Core.csproj]
/home/rrj/src/github/rudironsoni/Synaxis/src/Synaxis.Core/Contracts/ISuperAdminService.cs(377,93): error CS0305: Using the generic type 'Dictionary<TKey, TValue>' requires 2 type arguments [/home/rrj/src/github/rudironsoni/Synaxis/src/Synaxis.Core/Synaxis.Core.csproj]
/home/rrj/src/github/rudironsoni/Synaxis/src/Synaxis.Core/Contracts/ISuperAdminService.cs(382,66): error CS7003: Unexpected use of an unbound generic name [/home/rrj/src/github/rudironsoni/Synaxis/src/Synaxis.Core/Synaxis.Core.csproj]
/home/rrj/src/github/rudironsoni/Synaxis/src/Synaxis.Core/Contracts/ISuperAdminService.cs(423,57): error CS7003: Unexpected use of an unbound generic name [/home/rrj/src/github/rudironsoni/Synaxis/src/Synaxis.Core/Synaxis.Core.csproj]
/home/rrj/src/github/rudironsoni/Synaxis/src/Synaxis.Core/Contracts/ISuperAdminService.cs(346,25): error CS8618: Non-nullable property 'DataCategories' must contain a non-null value when exiting constructor. Consider adding the 'required' modifier or declaring the property as nullable. [/home/rrj/src/github/rudironsoni/Synaxis/src/Synaxis.Core/Synaxis.Core.csproj]
/home/rrj/src/github/rudironsoni/Synaxis/src/Synaxis.Core/Contracts/ISuperAdminService.cs(475,85): error CS0305: Using the generic type 'Dictionary<TKey, TValue>' requires 2 type arguments [/home/rrj/src/github/rudironsoni/Synaxis/src/Synaxis.Core/Synaxis.Core.csproj]
/home/rrj/src/github/rudironsoni/Synaxis/src/Synaxis.Core/Contracts/ISuperAdminService.cs(495,62): error CS7003: Unexpected use of an unbound generic name [/home/rrj/src/github/rudironsoni/Synaxis/src/Synaxis.Core/Synaxis.Core.csproj]
/home/rrj/src/github/rudironsoni/Synaxis/src/Synaxis.Core/Contracts/IRegionRouter.cs(116,25): error CS8618: Non-nullable property 'DataCategories' must contain a non-null value when exiting constructor. Consider adding the 'required' modifier or declaring the property as nullable. [/home/rrj/src/github/rudironsoni/Synaxis/src/Synaxis.Core/Synaxis.Core.csproj]
/home/rrj/src/github/rudironsoni/Synaxis/src/Synaxis.Core/Contracts/IQuotaService.cs(115,29): error CS8618: Non-nullable property 'Details' must contain a non-null value when exiting constructor. Consider adding the 'required' modifier or declaring the property as nullable. [/home/rrj/src/github/rudironsoni/Synaxis/src/Synaxis.Core/Synaxis.Core.csproj]
/home/rrj/src/github/rudironsoni/Synaxis/src/Synaxis.Core/Contracts/ITenantService.cs(119,73): error CS0305: Using the generic type 'Dictionary<TKey, TValue>' requires 2 type arguments [/home/rrj/src/github/rudironsoni/Synaxis/src/Synaxis.Core/Synaxis.Core.csproj]
/home/rrj/src/github/rudironsoni/Synaxis/src/Synaxis.Core/Models/Organization.cs(179,68): error CS7003: Unexpected use of an unbound generic name [/home/rrj/src/github/rudironsoni/Synaxis/src/Synaxis.Core/Synaxis.Core.csproj]
/home/rrj/src/github/rudironsoni/Synaxis/src/Synaxis.Core/Models/Organization.cs(184,68): error CS7003: Unexpected use of an unbound generic name [/home/rrj/src/github/rudironsoni/Synaxis/src/Synaxis.Core/Synaxis.Core.csproj]
/home/rrj/src/github/rudironsoni/Synaxis/src/Synaxis.Core/Models/Organization.cs(189,80): error CS7003: Unexpected use of an unbound generic name [/home/rrj/src/github/rudironsoni/Synaxis/src/Synaxis.Core/Synaxis.Core.csproj]
/home/rrj/src/github/rudironsoni/Synaxis/src/Synaxis.Core/Models/Organization.cs(194,74): error CS7003: Unexpected use of an unbound generic name [/home/rrj/src/github/rudironsoni/Synaxis/src/Synaxis.Core/Synaxis.Core.csproj]
/home/rrj/src/github/rudironsoni/Synaxis/src/Synaxis.Core/Models/AuditLog.cs(111,37): error SA1025: Code should not contain multiple whitespace characters in a row (https://github.com/DotNetAnalyzers/StyleCopAnalyzers/blob/master/documentation/SA1025.md) [/home/rrj/src/github/rudironsoni/Synaxis/src/Synaxis.Core/Synaxis.Core.csproj]
/home/rrj/src/github/rudironsoni/Synaxis/src/Synaxis.Core/Models/AuditLog.cs(116,29): error SA1025: Code should not contain multiple whitespace characters in a row (https://github.com/DotNetAnalyzers/StyleCopAnalyzers/blob/master/documentation/SA1025.md) [/home/rrj/src/github/rudironsoni/Synaxis/src/Synaxis.Core/Synaxis.Core.csproj]
/home/rrj/src/github/rudironsoni/Synaxis/src/Synaxis.Core/Models/BackupConfig.cs(109,37): error SA1025: Code should not contain multiple whitespace characters in a row (https://github.com/DotNetAnalyzers/StyleCopAnalyzers/blob/master/documentation/SA1025.md) [/home/rrj/src/github/rudironsoni/Synaxis/src/Synaxis.Core/Synaxis.Core.csproj]
/home/rrj/src/github/rudironsoni/Synaxis/src/Synaxis.Core/Models/CreditTransaction.cs(28,37): error SA1025: Code should not contain multiple whitespace characters in a row (https://github.com/DotNetAnalyzers/StyleCopAnalyzers/blob/master/documentation/SA1025.md) [/home/rrj/src/github/rudironsoni/Synaxis/src/Synaxis.Core/Synaxis.Core.csproj]
/home/rrj/src/github/rudironsoni/Synaxis/src/Synaxis.Core/Models/Invitation.cs(28,37): error SA1025: Code should not contain multiple whitespace characters in a row (https://github.com/DotNetAnalyzers/StyleCopAnalyzers/blob/master/documentation/SA1025.md) [/home/rrj/src/github/rudironsoni/Synaxis/src/Synaxis.Core/Synaxis.Core.csproj]
/home/rrj/src/github/rudironsoni/Synaxis/src/Synaxis.Core/Models/Invitation.cs(38,29): error SA1025: Code should not contain multiple whitespace characters in a row (https://github.com/DotNetAnalyzers/StyleCopAnalyzers/blob/master/documentation/SA1025.md) [/home/rrj/src/github/rudironsoni/Synaxis/src/Synaxis.Core/Synaxis.Core.csproj]
/home/rrj/src/github/rudironsoni/Synaxis/src/Synaxis.Core/Models/Invitation.cs(69,29): error SA1025: Code should not contain multiple whitespace characters in a row (https://github.com/DotNetAnalyzers/StyleCopAnalyzers/blob/master/documentation/SA1025.md) [/home/rrj/src/github/rudironsoni/Synaxis/src/Synaxis.Core/Synaxis.Core.csproj]
/home/rrj/src/github/rudironsoni/Synaxis/src/Synaxis.Core/Models/Invoice.cs(29,37): error SA1025: Code should not contain multiple whitespace characters in a row (https://github.com/DotNetAnalyzers/StyleCopAnalyzers/blob/master/documentation/SA1025.md) [/home/rrj/src/github/rudironsoni/Synaxis/src/Synaxis.Core/Synaxis.Core.csproj]
/home/rrj/src/github/rudironsoni/Synaxis/src/Synaxis.Core/Models/RefreshToken.cs(28,29): error SA1025: Code should not contain multiple whitespace characters in a row (https://github.com/DotNetAnalyzers/StyleCopAnalyzers/blob/master/documentation/SA1025.md) [/home/rrj/src/github/rudironsoni/Synaxis/src/Synaxis.Core/Synaxis.Core.csproj]
/home/rrj/src/github/rudironsoni/Synaxis/src/Synaxis.Core/Models/Request.cs(34,37): error SA1025: Code should not contain multiple whitespace characters in a row (https://github.com/DotNetAnalyzers/StyleCopAnalyzers/blob/master/documentation/SA1025.md) [/home/rrj/src/github/rudironsoni/Synaxis/src/Synaxis.Core/Synaxis.Core.csproj]
/home/rrj/src/github/rudironsoni/Synaxis/src/Synaxis.Core/Models/Request.cs(44,29): error SA1025: Code should not contain multiple whitespace characters in a row (https://github.com/DotNetAnalyzers/StyleCopAnalyzers/blob/master/documentation/SA1025.md) [/home/rrj/src/github/rudironsoni/Synaxis/src/Synaxis.Core/Synaxis.Core.csproj]
/home/rrj/src/github/rudironsoni/Synaxis/src/Synaxis.Core/Models/Request.cs(54,35): error SA1025: Code should not contain multiple whitespace characters in a row (https://github.com/DotNetAnalyzers/StyleCopAnalyzers/blob/master/documentation/SA1025.md) [/home/rrj/src/github/rudironsoni/Synaxis/src/Synaxis.Core/Synaxis.Core.csproj]
/home/rrj/src/github/rudironsoni/Synaxis/src/Synaxis.Core/Models/Request.cs(64,29): error SA1025: Code should not contain multiple whitespace characters in a row (https://github.com/DotNetAnalyzers/StyleCopAnalyzers/blob/master/documentation/SA1025.md) [/home/rrj/src/github/rudironsoni/Synaxis/src/Synaxis.Core/Synaxis.Core.csproj]
/home/rrj/src/github/rudironsoni/Synaxis/src/Synaxis.Core/Models/SpendLog.cs(28,37): error SA1025: Code should not contain multiple whitespace characters in a row (https://github.com/DotNetAnalyzers/StyleCopAnalyzers/blob/master/documentation/SA1025.md) [/home/rrj/src/github/rudironsoni/Synaxis/src/Synaxis.Core/Synaxis.Core.csproj]
/home/rrj/src/github/rudironsoni/Synaxis/src/Synaxis.Core/Models/SpendLog.cs(38,29): error SA1025: Code should not contain multiple whitespace characters in a row (https://github.com/DotNetAnalyzers/StyleCopAnalyzers/blob/master/documentation/SA1025.md) [/home/rrj/src/github/rudironsoni/Synaxis/src/Synaxis.Core/Synaxis.Core.csproj]
/home/rrj/src/github/rudironsoni/Synaxis/src/Synaxis.Core/Models/SpendLog.cs(48,35): error SA1025: Code should not contain multiple whitespace characters in a row (https://github.com/DotNetAnalyzers/StyleCopAnalyzers/blob/master/documentation/SA1025.md) [/home/rrj/src/github/rudironsoni/Synaxis/src/Synaxis.Core/Synaxis.Core.csproj]
/home/rrj/src/github/rudironsoni/Synaxis/src/Synaxis.Core/Models/Team.cs(29,37): error SA1025: Code should not contain multiple whitespace characters in a row (https://github.com/DotNetAnalyzers/StyleCopAnalyzers/blob/master/documentation/SA1025.md) [/home/rrj/src/github/rudironsoni/Synaxis/src/Synaxis.Core/Synaxis.Core.csproj]
/home/rrj/src/github/rudironsoni/Synaxis/src/Synaxis.Core/Models/TeamMembership.cs(28,29): error SA1025: Code should not contain multiple whitespace characters in a row (https://github.com/DotNetAnalyzers/StyleCopAnalyzers/blob/master/documentation/SA1025.md) [/home/rrj/src/github/rudironsoni/Synaxis/src/Synaxis.Core/Synaxis.Core.csproj]
/home/rrj/src/github/rudironsoni/Synaxis/src/Synaxis.Core/Models/TeamMembership.cs(38,29): error SA1025: Code should not contain multiple whitespace characters in a row (https://github.com/DotNetAnalyzers/StyleCopAnalyzers/blob/master/documentation/SA1025.md) [/home/rrj/src/github/rudironsoni/Synaxis/src/Synaxis.Core/Synaxis.Core.csproj]
/home/rrj/src/github/rudironsoni/Synaxis/src/Synaxis.Core/Models/TeamMembership.cs(48,37): error SA1025: Code should not contain multiple whitespace characters in a row (https://github.com/DotNetAnalyzers/StyleCopAnalyzers/blob/master/documentation/SA1025.md) [/home/rrj/src/github/rudironsoni/Synaxis/src/Synaxis.Core/Synaxis.Core.csproj]
/home/rrj/src/github/rudironsoni/Synaxis/src/Synaxis.Core/Models/TeamMembership.cs(69,29): error SA1025: Code should not contain multiple whitespace characters in a row (https://github.com/DotNetAnalyzers/StyleCopAnalyzers/blob/master/documentation/SA1025.md) [/home/rrj/src/github/rudironsoni/Synaxis/src/Synaxis.Core/Synaxis.Core.csproj]
/home/rrj/src/github/rudironsoni/Synaxis/src/Synaxis.Core/Models/User.cs(29,37): error SA1025: Code should not contain multiple whitespace characters in a row (https://github.com/DotNetAnalyzers/StyleCopAnalyzers/blob/master/documentation/SA1025.md) [/home/rrj/src/github/rudironsoni/Synaxis/src/Synaxis.Core/Synaxis.Core.csproj]

Build FAILED.

/home/rrj/src/github/rudironsoni/Synaxis/src/Synaxis.Core/Contracts/OrganizationLimitsResponse.cs(135,70): error CS7003: Unexpected use of an unbound generic name [/home/rrj/src/github/rudironsoni/Synaxis/src/Synaxis.Core/Synaxis.Core.csproj]
/home/rrj/src/github/rudironsoni/Synaxis/src/Synaxis.Core/Contracts/OrganizationLimitsResponse.cs(104,70): error CS7003: Unexpected use of an unbound generic name [/home/rrj/src/github/rudironsoni/Synaxis/src/Synaxis.Core/Synaxis.Core.csproj]
/home/rrj/src/github/rudironsoni/Synaxis/src/Synaxis.Core/Contracts/OrganizationLimitsResponse.cs(109,67): error CS7003: Unexpected use of an unbound generic name [/home/rrj/src/github/rudironsoni/Synaxis/src/Synaxis.Core/Synaxis.Core.csproj]
/home/rrj/src/github/rudironsoni/Synaxis/src/Synaxis.Core/Contracts/OrganizationLimitsResponse.cs(114,79): error CS0305: Using the generic type 'Dictionary<TKey, TValue>' requires 2 type arguments [/home/rrj/src/github/rudironsoni/Synaxis/src/Synaxis.Core/Synaxis.Core.csproj]
/home/rrj/src/github/rudironsoni/Synaxis/src/Synaxis.Core/Models/User.cs(159,88): error CS7003: Unexpected use of an unbound generic name [/home/rrj/src/github/rudironsoni/Synaxis/src/Synaxis.Core/Synaxis.Core.csproj]
/home/rrj/src/github/rudironsoni/Synaxis/src/Synaxis.Core/Models/User.cs(164,80): error CS7003: Unexpected use of an unbound generic name [/home/rrj/src/github/rudironsoni/Synaxis/src/Synaxis.Core/Synaxis.Core.csproj]
/home/rrj/src/github/rudironsoni/Synaxis/src/Synaxis.Core/Contracts/CreateTeamRequest.cs(38,64): error CS7003: Unexpected use of an unbound generic name [/home/rrj/src/github/rudironsoni/Synaxis/src/Synaxis.Core/Synaxis.Core.csproj]
/home/rrj/src/github/rudironsoni/Synaxis/src/Synaxis.Core/Contracts/CreateTeamRequest.cs(64,64): error CS7003: Unexpected use of an unbound generic name [/home/rrj/src/github/rudironsoni/Synaxis/src/Synaxis.Core/Synaxis.Core.csproj]
/home/rrj/src/github/rudironsoni/Synaxis/src/Synaxis.Core/Contracts/CreateTeamRequest.cs(69,64): error CS7003: Unexpected use of an unbound generic name [/home/rrj/src/github/rudironsoni/Synaxis/src/Synaxis.Core/Synaxis.Core.csproj]
/home/rrj/src/github/rudironsoni/Synaxis/src/Synaxis.Core/Models/Team.cs(68,64): error CS7003: Unexpected use of an unbound generic name [/home/rrj/src/github/rudironsoni/Synaxis/src/Synaxis.Core/Synaxis.Core.csproj]
/home/rrj/src/github/rudironsoni/Synaxis/src/Synaxis.Core/Models/Team.cs(73,64): error CS7003: Unexpected use of an unbound generic name [/home/rrj/src/github/rudironsoni/Synaxis/src/Synaxis.Core/Synaxis.Core.csproj]
/home/rrj/src/github/rudironsoni/Synaxis/src/Synaxis.Core/Models/Team.cs(88,88): error CS7003: Unexpected use of an unbound generic name [/home/rrj/src/github/rudironsoni/Synaxis/src/Synaxis.Core/Synaxis.Core.csproj]
/home/rrj/src/github/rudironsoni/Synaxis/src/Synaxis.Core/Models/Team.cs(93,80): error CS7003: Unexpected use of an unbound generic name [/home/rrj/src/github/rudironsoni/Synaxis/src/Synaxis.Core/Synaxis.Core.csproj]
/home/rrj/src/github/rudironsoni/Synaxis/src/Synaxis.Core/Contracts/IAuditService.cs(106,73): error CS0305: Using the generic type 'Dictionary<TKey, TValue>' requires 2 type arguments [/home/rrj/src/github/rudironsoni/Synaxis/src/Synaxis.Core/Synaxis.Core.csproj]
/home/rrj/src/github/rudironsoni/Synaxis/src/Synaxis.Core/Contracts/IAuditService.cs(183,74): error CS0305: Using the generic type 'Dictionary<TKey, TValue>' requires 2 type arguments [/home/rrj/src/github/rudironsoni/Synaxis/src/Synaxis.Core/Synaxis.Core.csproj]
/home/rrj/src/github/rudironsoni/Synaxis/src/Synaxis.Core/Contracts/IAuditService.cs(188,78): error CS0305: Using the generic type 'Dictionary<TKey, TValue>' requires 2 type arguments [/home/rrj/src/github/rudironsoni/Synaxis/src/Synaxis.Core/Synaxis.Core.csproj]
/home/rrj/src/github/rudironsoni/Synaxis/src/Synaxis.Core/Contracts/IAuditService.cs(193,76): error CS0305: Using the generic type 'Dictionary<TKey, TValue>' requires 2 type arguments [/home/rrj/src/github/rudironsoni/Synaxis/src/Synaxis.Core/Synaxis.Core.csproj]
/home/rrj/src/github/rudironsoni/Synaxis/src/Synaxis.Core/Contracts/IBackupService.cs(172,68): error CS7003: Unexpected use of an unbound generic name [/home/rrj/src/github/rudironsoni/Synaxis/src/Synaxis.Core/Synaxis.Core.csproj]
/home/rrj/src/github/rudironsoni/Synaxis/src/Synaxis.Core/Models/Request.cs(172,79): error CS0305: Using the generic type 'Dictionary<TKey, TValue>' requires 2 type arguments [/home/rrj/src/github/rudironsoni/Synaxis/src/Synaxis.Core/Synaxis.Core.csproj]
/home/rrj/src/github/rudironsoni/Synaxis/src/Synaxis.Core/Contracts/IQuotaService.cs(276,76): error CS0305: Using the generic type 'Dictionary<TKey, TValue>' requires 2 type arguments [/home/rrj/src/github/rudironsoni/Synaxis/src/Synaxis.Core/Synaxis.Core.csproj]
/home/rrj/src/github/rudironsoni/Synaxis/src/Synaxis.Core/Contracts/IQuotaService.cs(281,75): error CS0305: Using the generic type 'Dictionary<TKey, TValue>' requires 2 type arguments [/home/rrj/src/github/rudironsoni/Synaxis/src/Synaxis.Core/Synaxis.Core.csproj]
/home/rrj/src/github/rudironsoni/Synaxis/src/Synaxis.Core/Contracts/ISuperAdminService.cs(234,83): error CS0305: Using the generic type 'Dictionary<TKey, TValue>' requires 2 type arguments [/home/rrj/src/github/rudironsoni/Synaxis/src/Synaxis.Core/Synaxis.Core.csproj]
/home/rrj/src/github/rudironsoni/Synaxis/src/Synaxis.Core/Contracts/ISuperAdminService.cs(239,78): error CS0305: Using the generic type 'Dictionary<TKey, TValue>' requires 2 type arguments [/home/rrj/src/github/rudironsoni/Synaxis/src/Synaxis.Core/Synaxis.Core.csproj]
/home/rrj/src/github/rudironsoni/Synaxis/src/Synaxis.Core/Contracts/ISuperAdminService.cs(244,81): error CS0305: Using the generic type 'Dictionary<TKey, TValue>' requires 2 type arguments [/home/rrj/src/github/rudironsoni/Synaxis/src/Synaxis.Core/Synaxis.Core.csproj]
/home/rrj/src/github/rudironsoni/Synaxis/src/Synaxis.Core/Contracts/ISuperAdminService.cs(377,93): error CS0305: Using the generic type 'Dictionary<TKey, TValue>' requires 2 type arguments [/home/rrj/src/github/rudironsoni/Synaxis/src/Synaxis.Core/Synaxis.Core.csproj]
/home/rrj/src/github/rudironsoni/Synaxis/src/Synaxis.Core/Contracts/ISuperAdminService.cs(382,66): error CS7003: Unexpected use of an unbound generic name [/home/rrj/src/github/rudironsoni/Synaxis/src/Synaxis.Core/Synaxis.Core.csproj]
/home/rrj/src/github/rudironsoni/Synaxis/src/Synaxis.Core/Contracts/ISuperAdminService.cs(423,57): error CS7003: Unexpected use of an unbound generic name [/home/rrj/src/github/rudironsoni/Synaxis/src/Synaxis.Core/Synaxis.Core.csproj]
/home/rrj/src/github/rudironsoni/Synaxis/src/Synaxis.Core/Contracts/ISuperAdminService.cs(346,25): error CS8618: Non-nullable property 'DataCategories' must contain a non-null value when exiting constructor. Consider adding the 'required' modifier or declaring the property as nullable. [/home/rrj/src/github/rudironsoni/Synaxis/src/Synaxis.Core/Synaxis.Core.csproj]
/home/rrj/src/github/rudironsoni/Synaxis/src/Synaxis.Core/Contracts/ISuperAdminService.cs(475,85): error CS0305: Using the generic type 'Dictionary<TKey, TValue>' requires 2 type arguments [/home/rrj/src/github/rudironsoni/Synaxis/src/Synaxis.Core/Synaxis.Core.csproj]
/home/rrj/src/github/rudironsoni/Synaxis/src/Synaxis.Core/Contracts/ISuperAdminService.cs(495,62): error CS7003: Unexpected use of an unbound generic name [/home/rrj/src/github/rudironsoni/Synaxis/src/Synaxis.Core/Synaxis.Core.csproj]
/home/rrj/src/github/rudironsoni/Synaxis/src/Synaxis.Core/Contracts/IRegionRouter.cs(116,25): error CS8618: Non-nullable property 'DataCategories' must contain a non-null value when exiting constructor. Consider adding the 'required' modifier or declaring the property as nullable. [/home/rrj/src/github/rudironsoni/Synaxis/src/Synaxis.Core/Synaxis.Core.csproj]
/home/rrj/src/github/rudironsoni/Synaxis/src/Synaxis.Core/Contracts/IQuotaService.cs(115,29): error CS8618: Non-nullable property 'Details' must contain a non-null value when exiting constructor. Consider adding the 'required' modifier or declaring the property as nullable. [/home/rrj/src/github/rudironsoni/Synaxis/src/Synaxis.Core/Synaxis.Core.csproj]
/home/rrj/src/github/rudironsoni/Synaxis/src/Synaxis.Core/Contracts/ITenantService.cs(119,73): error CS0305: Using the generic type 'Dictionary<TKey, TValue>' requires 2 type arguments [/home/rrj/src/github/rudironsoni/Synaxis/src/Synaxis.Core/Synaxis.Core.csproj]
/home/rrj/src/github/rudironsoni/Synaxis/src/Synaxis.Core/Models/Organization.cs(179,68): error CS7003: Unexpected use of an unbound generic name [/home/rrj/src/github/rudironsoni/Synaxis/src/Synaxis.Core/Synaxis.Core.csproj]
/home/rrj/src/github/rudironsoni/Synaxis/src/Synaxis.Core/Models/Organization.cs(184,68): error CS7003: Unexpected use of an unbound generic name [/home/rrj/src/github/rudironsoni/Synaxis/src/Synaxis.Core/Synaxis.Core.csproj]
/home/rrj/src/github/rudironsoni/Synaxis/src/Synaxis.Core/Models/Organization.cs(189,80): error CS7003: Unexpected use of an unbound generic name [/home/rrj/src/github/rudironsoni/Synaxis/src/Synaxis.Core/Synaxis.Core.csproj]
/home/rrj/src/github/rudironsoni/Synaxis/src/Synaxis.Core/Models/Organization.cs(194,74): error CS7003: Unexpected use of an unbound generic name [/home/rrj/src/github/rudironsoni/Synaxis/src/Synaxis.Core/Synaxis.Core.csproj]
/home/rrj/src/github/rudironsoni/Synaxis/src/Synaxis.Core/Models/AuditLog.cs(111,37): error SA1025: Code should not contain multiple whitespace characters in a row (https://github.com/DotNetAnalyzers/StyleCopAnalyzers/blob/master/documentation/SA1025.md) [/home/rrj/src/github/rudironsoni/Synaxis/src/Synaxis.Core/Synaxis.Core.csproj]
/home/rrj/src/github/rudironsoni/Synaxis/src/Synaxis.Core/Models/AuditLog.cs(116,29): error SA1025: Code should not contain multiple whitespace characters in a row (https://github.com/DotNetAnalyzers/StyleCopAnalyzers/blob/master/documentation/SA1025.md) [/home/rrj/src/github/rudironsoni/Synaxis/src/Synaxis.Core/Synaxis.Core.csproj]
/home/rrj/src/github/rudironsoni/Synaxis/src/Synaxis.Core/Models/BackupConfig.cs(109,37): error SA1025: Code should not contain multiple whitespace characters in a row (https://github.com/DotNetAnalyzers/StyleCopAnalyzers/blob/master/documentation/SA1025.md) [/home/rrj/src/github/rudironsoni/Synaxis/src/Synaxis.Core/Synaxis.Core.csproj]
/home/rrj/src/github/rudironsoni/Synaxis/src/Synaxis.Core/Models/CreditTransaction.cs(28,37): error SA1025: Code should not contain multiple whitespace characters in a row (https://github.com/DotNetAnalyzers/StyleCopAnalyzers/blob/master/documentation/SA1025.md) [/home/rrj/src/github/rudironsoni/Synaxis/src/Synaxis.Core/Synaxis.Core.csproj]
/home/rrj/src/github/rudironsoni/Synaxis/src/Synaxis.Core/Models/Invitation.cs(28,37): error SA1025: Code should not contain multiple whitespace characters in a row (https://github.com/DotNetAnalyzers/StyleCopAnalyzers/blob/master/documentation/SA1025.md) [/home/rrj/src/github/rudironsoni/Synaxis/src/Synaxis.Core/Synaxis.Core.csproj]
/home/rrj/src/github/rudironsoni/Synaxis/src/Synaxis.Core/Models/Invitation.cs(38,29): error SA1025: Code should not contain multiple whitespace characters in a row (https://github.com/DotNetAnalyzers/StyleCopAnalyzers/blob/master/documentation/SA1025.md) [/home/rrj/src/github/rudironsoni/Synaxis/src/Synaxis.Core/Synaxis.Core.csproj]
/home/rrj/src/github/rudironsoni/Synaxis/src/Synaxis.Core/Models/Invitation.cs(69,29): error SA1025: Code should not contain multiple whitespace characters in a row (https://github.com/DotNetAnalyzers/StyleCopAnalyzers/blob/master/documentation/SA1025.md) [/home/rrj/src/github/rudironsoni/Synaxis/src/Synaxis.Core/Synaxis.Core.csproj]
/home/rrj/src/github/rudironsoni/Synaxis/src/Synaxis.Core/Models/Invoice.cs(29,37): error SA1025: Code should not contain multiple whitespace characters in a row (https://github.com/DotNetAnalyzers/StyleCopAnalyzers/blob/master/documentation/SA1025.md) [/home/rrj/src/github/rudironsoni/Synaxis/src/Synaxis.Core/Synaxis.Core.csproj]
/home/rrj/src/github/rudironsoni/Synaxis/src/Synaxis.Core/Models/RefreshToken.cs(28,29): error SA1025: Code should not contain multiple whitespace characters in a row (https://github.com/DotNetAnalyzers/StyleCopAnalyzers/blob/master/documentation/SA1025.md) [/home/rrj/src/github/rudironsoni/Synaxis/src/Synaxis.Core/Synaxis.Core.csproj]
/home/rrj/src/github/rudironsoni/Synaxis/src/Synaxis.Core/Models/Request.cs(34,37): error SA1025: Code should not contain multiple whitespace characters in a row (https://github.com/DotNetAnalyzers/StyleCopAnalyzers/blob/master/documentation/SA1025.md) [/home/rrj/src/github/rudironsoni/Synaxis/src/Synaxis.Core/Synaxis.Core.csproj]
/home/rrj/src/github/rudironsoni/Synaxis/src/Synaxis.Core/Models/Request.cs(44,29): error SA1025: Code should not contain multiple whitespace characters in a row (https://github.com/DotNetAnalyzers/StyleCopAnalyzers/blob/master/documentation/SA1025.md) [/home/rrj/src/github/rudironsoni/Synaxis/src/Synaxis.Core/Synaxis.Core.csproj]
/home/rrj/src/github/rudironsoni/Synaxis/src/Synaxis.Core/Models/Request.cs(54,35): error SA1025: Code should not contain multiple whitespace characters in a row (https://github.com/DotNetAnalyzers/StyleCopAnalyzers/blob/master/documentation/SA1025.md) [/home/rrj/src/github/rudironsoni/Synaxis/src/Synaxis.Core/Synaxis.Core.csproj]
/home/rrj/src/github/rudironsoni/Synaxis/src/Synaxis.Core/Models/Request.cs(64,29): error SA1025: Code should not contain multiple whitespace characters in a row (https://github.com/DotNetAnalyzers/StyleCopAnalyzers/blob/master/documentation/SA1025.md) [/home/rrj/src/github/rudironsoni/Synaxis/src/Synaxis.Core/Synaxis.Core.csproj]
/home/rrj/src/github/rudironsoni/Synaxis/src/Synaxis.Core/Models/SpendLog.cs(28,37): error SA1025: Code should not contain multiple whitespace characters in a row (https://github.com/DotNetAnalyzers/StyleCopAnalyzers/blob/master/documentation/SA1025.md) [/home/rrj/src/github/rudironsoni/Synaxis/src/Synaxis.Core/Synaxis.Core.csproj]
/home/rrj/src/github/rudironsoni/Synaxis/src/Synaxis.Core/Models/SpendLog.cs(38,29): error SA1025: Code should not contain multiple whitespace characters in a row (https://github.com/DotNetAnalyzers/StyleCopAnalyzers/blob/master/documentation/SA1025.md) [/home/rrj/src/github/rudironsoni/Synaxis/src/Synaxis.Core/Synaxis.Core.csproj]
/home/rrj/src/github/rudironsoni/Synaxis/src/Synaxis.Core/Models/SpendLog.cs(48,35): error SA1025: Code should not contain multiple whitespace characters in a row (https://github.com/DotNetAnalyzers/StyleCopAnalyzers/blob/master/documentation/SA1025.md) [/home/rrj/src/github/rudironsoni/Synaxis/src/Synaxis.Core/Synaxis.Core.csproj]
/home/rrj/src/github/rudironsoni/Synaxis/src/Synaxis.Core/Models/Team.cs(29,37): error SA1025: Code should not contain multiple whitespace characters in a row (https://github.com/DotNetAnalyzers/StyleCopAnalyzers/blob/master/documentation/SA1025.md) [/home/rrj/src/github/rudironsoni/Synaxis/src/Synaxis.Core/Synaxis.Core.csproj]
/home/rrj/src/github/rudironsoni/Synaxis/src/Synaxis.Core/Models/TeamMembership.cs(28,29): error SA1025: Code should not contain multiple whitespace characters in a row (https://github.com/DotNetAnalyzers/StyleCopAnalyzers/blob/master/documentation/SA1025.md) [/home/rrj/src/github/rudironsoni/Synaxis/src/Synaxis.Core/Synaxis.Core.csproj]
/home/rrj/src/github/rudironsoni/Synaxis/src/Synaxis.Core/Models/TeamMembership.cs(38,29): error SA1025: Code should not contain multiple whitespace characters in a row (https://github.com/DotNetAnalyzers/StyleCopAnalyzers/blob/master/documentation/SA1025.md) [/home/rrj/src/github/rudironsoni/Synaxis/src/Synaxis.Core/Synaxis.Core.csproj]
/home/rrj/src/github/rudironsoni/Synaxis/src/Synaxis.Core/Models/TeamMembership.cs(48,37): error SA1025: Code should not contain multiple whitespace characters in a row (https://github.com/DotNetAnalyzers/StyleCopAnalyzers/blob/master/documentation/SA1025.md) [/home/rrj/src/github/rudironsoni/Synaxis/src/Synaxis.Core/Synaxis.Core.csproj]
/home/rrj/src/github/rudironsoni/Synaxis/src/Synaxis.Core/Models/TeamMembership.cs(69,29): error SA1025: Code should not contain multiple whitespace characters in a row (https://github.com/DotNetAnalyzers/StyleCopAnalyzers/blob/master/documentation/SA1025.md) [/home/rrj/src/github/rudironsoni/Synaxis/src/Synaxis.Core/Synaxis.Core.csproj]
/home/rrj/src/github/rudironsoni/Synaxis/src/Synaxis.Core/Models/User.cs(29,37): error SA1025: Code should not contain multiple whitespace characters in a row (https://github.com/DotNetAnalyzers/StyleCopAnalyzers/blob/master/documentation/SA1025.md) [/home/rrj/src/github/rudironsoni/Synaxis/src/Synaxis.Core/Synaxis.Core.csproj]
    0 Warning(s)
    59 Error(s)

Time Elapsed 00:00:06.74
