TN:
SF:src/App.tsx
FN:7,App
FN:11,(anonymous_1)
FN:13,(anonymous_2)
FNF:3
FNH:0
FNDA:0,App
FNDA:0,(anonymous_1)
FNDA:0,(anonymous_2)
DA:8,0
DA:9,0
DA:11,0
DA:13,0
DA:15,0
LF:5
LH:0
BRDA:13,0,0,0
BRDA:13,0,1,0
BRDA:13,1,0,0
BRDA:13,1,1,0
BRDA:17,2,0,0
BRDA:17,2,1,0
BRF:6
BRH:0
end_of_record
TN:
SF:src/main.tsx
FNF:0
FNH:0
DA:6,0
LF:1
LH:0
BRF:0
BRH:0
end_of_record
TN:
SF:src/api/client.ts
FN:27,(anonymous_0)
FN:32,(anonymous_1)
FN:41,(anonymous_2)
FNF:3
FNH:3
FNDA:3,(anonymous_0)
FNDA:1,(anonymous_1)
FNDA:1,(anonymous_2)
DA:22,3
DA:28,3
DA:29,3
DA:33,1
DA:34,1
DA:35,1
DA:37,0
DA:42,1
DA:47,1
DA:51,1
LF:10
LH:9
BRDA:28,0,0,0
BRDA:28,0,1,3
BRDA:29,1,0,0
BRDA:29,1,1,3
BRDA:34,2,0,1
BRDA:34,2,1,0
BRDA:41,3,0,1
BRF:7
BRH:4
end_of_record
TN:
SF:src/components/layout/AppShell.tsx
FN:8,AppShell
FN:11,(anonymous_1)
FN:13,(anonymous_2)
FN:16,(anonymous_3)
FN:19,(anonymous_4)
FN:36,(anonymous_5)
FN:44,(anonymous_6)
FNF:7
FNH:0
FNDA:0,AppShell
FNDA:0,(anonymous_1)
FNDA:0,(anonymous_2)
FNDA:0,(anonymous_3)
FNDA:0,(anonymous_4)
FNDA:0,(anonymous_5)
FNDA:0,(anonymous_6)
DA:9,0
DA:10,0
DA:11,0
DA:13,0
DA:15,0
DA:16,0
DA:17,0
DA:18,0
DA:19,0
DA:22,0
DA:36,0
DA:44,0
LF:12
LH:0
BRDA:24,0,0,0
BRDA:24,0,1,0
BRF:2
BRH:0
end_of_record
TN:
SF:src/components/ui/Badge.tsx
FN:3,Badge
FNF:1
FNH:1
FNDA:1,Badge
DA:4,1
LF:1
LH:1
BRDA:5,0,0,1
BRDA:5,0,1,1
BRF:2
BRH:2
end_of_record
TN:
SF:src/components/ui/Button.tsx
FN:6,Button
FNF:1
FNH:1
FNDA:1,Button
DA:12,1
DA:13,1
DA:19,1
LF:3
LH:3
BRDA:8,0,0,1
BRF:1
BRH:1
end_of_record
TN:
SF:src/components/ui/Input.tsx
FN:3,Input
FNF:1
FNH:0
FNDA:0,Input
DA:4,0
LF:1
LH:0
BRDA:7,0,0,0
BRDA:7,0,1,0
BRF:2
BRH:0
end_of_record
TN:
SF:src/components/ui/Modal.tsx
FN:3,Modal
FNF:1
FNH:0
FNDA:0,Modal
DA:4,0
DA:6,0
LF:2
LH:0
BRDA:4,0,0,0
BRDA:4,0,1,0
BRDA:10,1,0,0
BRDA:10,1,1,0
BRF:4
BRH:0
end_of_record
TN:
SF:src/db/db.ts
FN:24,(anonymous_0)
FNF:1
FNH:1
FNDA:1,(anonymous_0)
DA:25,1
DA:26,1
DA:33,1
LF:3
LH:3
BRF:0
BRH:0
end_of_record
TN:
SF:src/features/chat/ChatInput.tsx
FN:4,ChatInput
FN:8,(anonymous_1)
FN:15,(anonymous_2)
FN:27,(anonymous_3)
FN:28,(anonymous_4)
FNF:5
FNH:0
FNDA:0,ChatInput
FNDA:0,(anonymous_1)
FNDA:0,(anonymous_2)
FNDA:0,(anonymous_3)
FNDA:0,(anonymous_4)
DA:5,0
DA:6,0
DA:8,0
DA:9,0
DA:10,0
DA:11,0
DA:12,0
DA:15,0
DA:16,0
DA:17,0
DA:18,0
DA:21,0
DA:27,0
DA:29,0
LF:14
LH:0
BRDA:10,0,0,0
BRDA:10,0,1,0
BRDA:16,1,0,0
BRDA:16,1,1,0
BRDA:29,2,0,0
BRDA:29,2,1,0
BRDA:29,3,0,0
BRDA:29,3,1,0
BRF:8
BRH:0
end_of_record
TN:
SF:src/features/chat/ChatWindow.tsx
FN:10,useChat
FN:12,(anonymous_1)
FN:13,(anonymous_2)
FN:15,(anonymous_3)
FN:18,(anonymous_4)
FN:19,(anonymous_5)
FN:22,(anonymous_6)
FN:27,(anonymous_7)
FN:32,(anonymous_8)
FN:40,(anonymous_9)
FN:51,ChatWindow
FN:55,(anonymous_11)
FN:62,(anonymous_12)
FNF:13
FNH:0
FNDA:0,useChat
FNDA:0,(anonymous_1)
FNDA:0,(anonymous_2)
FNDA:0,(anonymous_3)
FNDA:0,(anonymous_4)
FNDA:0,(anonymous_5)
FNDA:0,(anonymous_6)
FNDA:0,(anonymous_7)
FNDA:0,(anonymous_8)
FNDA:0,(anonymous_9)
FNDA:0,ChatWindow
FNDA:0,(anonymous_11)
FNDA:0,(anonymous_12)
DA:11,0
DA:12,0
DA:13,0
DA:15,0
DA:16,0
DA:17,0
DA:18,0
DA:19,0
DA:22,0
DA:24,0
DA:27,0
DA:28,0
DA:29,0
DA:30,0
DA:31,0
DA:32,0
DA:34,0
DA:35,0
DA:36,0
DA:37,0
DA:38,0
DA:39,0
DA:40,0
DA:41,0
DA:43,0
DA:44,0
DA:48,0
DA:52,0
DA:53,0
DA:55,0
DA:57,0
DA:59,0
DA:63,0
LF:33
LH:0
BRDA:16,0,0,0
BRDA:16,0,1,0
BRDA:18,1,0,0
BRDA:18,1,1,0
BRDA:28,2,0,0
BRDA:28,2,1,0
BRDA:36,3,0,0
BRDA:36,3,1,0
BRDA:37,4,0,0
BRDA:37,4,1,0
BRDA:37,5,0,0
BRDA:37,5,1,0
BRDA:37,6,0,0
BRDA:37,6,1,0
BRDA:37,7,0,0
BRDA:37,7,1,0
BRDA:41,8,0,0
BRDA:41,8,1,0
BRDA:44,9,0,0
BRDA:44,9,1,0
BRDA:55,10,0,0
BRDA:55,10,1,0
BRDA:57,11,0,0
BRDA:57,11,1,0
BRF:24
BRH:0
end_of_record
TN:
SF:src/features/chat/MessageBubble.tsx
FN:5,MessageBubble
FNF:1
FNH:0
FNDA:0,MessageBubble
DA:6,0
DA:7,0
DA:8,0
DA:9,0
DA:11,0
LF:5
LH:0
BRDA:12,0,0,0
BRDA:12,0,1,0
BRDA:13,1,0,0
BRDA:13,1,1,0
BRDA:15,2,0,0
BRDA:15,2,1,0
BRF:6
BRH:0
end_of_record
TN:
SF:src/features/sessions/SessionList.tsx
FN:5,SessionList
FN:8,(anonymous_1)
FN:14,(anonymous_2)
FN:20,(anonymous_3)
FN:24,(anonymous_4)
FNF:5
FNH:0
FNDA:0,SessionList
FNDA:0,(anonymous_1)
FNDA:0,(anonymous_2)
FNDA:0,(anonymous_3)
FNDA:0,(anonymous_4)
DA:6,0
DA:8,0
DA:10,0
DA:14,0
DA:21,0
DA:24,0
LF:6
LH:0
BRF:0
BRH:0
end_of_record
TN:
SF:src/features/settings/SettingsDialog.tsx
FN:5,SettingsDialog
FN:6,(anonymous_1)
FN:7,(anonymous_2)
FN:8,(anonymous_3)
FN:9,(anonymous_4)
FN:14,(anonymous_5)
FN:19,(anonymous_6)
FN:29,(anonymous_7)
FN:32,(anonymous_8)
FNF:9
FNH:0
FNDA:0,SettingsDialog
FNDA:0,(anonymous_1)
FNDA:0,(anonymous_2)
FNDA:0,(anonymous_3)
FNDA:0,(anonymous_4)
FNDA:0,(anonymous_5)
FNDA:0,(anonymous_6)
FNDA:0,(anonymous_7)
FNDA:0,(anonymous_8)
DA:6,0
DA:7,0
DA:8,0
DA:9,0
DA:11,0
DA:12,0
DA:14,0
DA:15,0
DA:16,0
DA:19,0
DA:20,0
DA:21,0
DA:22,0
DA:25,0
DA:29,0
DA:32,0
LF:16
LH:0
BRF:0
BRH:0
end_of_record
TN:
SF:src/lib/utils.ts
FN:4,cn
FNF:1
FNH:1
FNDA:1,cn
DA:5,1
LF:1
LH:1
BRF:0
BRH:0
end_of_record
TN:
SF:src/stores/sessions.ts
FN:14,(anonymous_0)
FN:17,(anonymous_1)
FN:22,(anonymous_2)
FN:29,(anonymous_3)
FN:31,(anonymous_4)
FNF:5
FNH:0
FNDA:0,(anonymous_0)
FNDA:0,(anonymous_1)
FNDA:0,(anonymous_2)
FNDA:0,(anonymous_3)
FNDA:0,(anonymous_4)
DA:13,0
DA:14,0
DA:18,0
DA:19,0
DA:20,0
DA:23,0
DA:24,0
DA:25,0
DA:26,0
DA:27,0
DA:30,0
DA:31,0
LF:12
LH:0
BRF:0
BRH:0
end_of_record
TN:
SF:src/stores/settings.ts
FN:13,(anonymous_0)
FN:16,(anonymous_1)
FN:17,(anonymous_2)
FNF:3
FNH:3
FNDA:1,(anonymous_0)
FNDA:1,(anonymous_1)
FNDA:1,(anonymous_2)
DA:11,1
DA:13,1
DA:16,1
DA:17,1
LF:4
LH:4
BRF:0
BRH:0
end_of_record
TN:
SF:src/stores/usage.ts
FN:9,(anonymous_0)
FN:11,(anonymous_1)
FN:11,(anonymous_2)
FN:14,init
FN:17,(anonymous_4)
FNF:5
FNH:4
FNDA:1,(anonymous_0)
FNDA:3,(anonymous_1)
FNDA:3,(anonymous_2)
FNDA:1,init
FNDA:0,(anonymous_4)
DA:9,1
DA:11,3
DA:12,1
DA:15,1
DA:16,1
DA:17,0
DA:18,0
DA:20,1
LF:8
LH:6
BRDA:17,0,0,0
BRDA:17,0,1,0
BRF:2
BRH:0
end_of_record
